# JRE version: Java(TM) SE Runtime Environment (8.0_121-b13) (build 1.8.0_121-b13)
# Java VM: Java HotSpot(TM) 64-Bit Server VM (25.121-b13 mixed mode bsd-amd64 compressed oops)
Heap:
 PSYoungGen      total 76288K, used 8451K [0x000000076ab00000, 0x0000000770000000, 0x00000007c0000000)
  eden space 65536K, 12% used [0x000000076ab00000,0x000000076b340e88,0x000000076eb00000)
  from space 10752K, 0% used [0x000000076eb00000,0x000000076eb00000,0x000000076f580000)
  to   space 10752K, 0% used [0x000000076f580000,0x000000076f580000,0x0000000770000000)
 ParOldGen       total 175104K, used 24657K [0x00000006c0000000, 0x00000006cab00000, 0x000000076ab00000)
  object space 175104K, 14% used [0x00000006c0000000,0x00000006c1814618,0x00000006cab00000)
 Metaspace       used 17411K, capacity 18270K, committed 18560K, reserved 1064960K
  class space    used 2438K, capacity 2635K, committed 2688K, reserved 1048576K
GC Heap History (10 events):
Event: 15.247 GC heap before
{Heap before GC invocations=334 (full 167):
 PSYoungGen      total 76288K, used 0K [0x000000076ab00000, 0x0000000770000000, 0x00000007c0000000)
  eden space 65536K, 0% used [0x000000076ab00000,0x000000076ab00000,0x000000076eb00000)
  from space 10752K, 0% used [0x000000076eb00000,0x000000076eb00000,0x000000076f580000)
  to   space 10752K, 0% used [0x000000076f580000,0x000000076f580000,0x0000000770000000)
 ParOldGen       total 175104K, used 24657K [0x00000006c0000000, 0x00000006cab00000, 0x000000076ab00000)
  object space 175104K, 14% used [0x00000006c0000000,0x00000006c18146b8,0x00000006cab00000)
 Metaspace       used 17411K, capacity 18270K, committed 18560K, reserved 1064960K
  class space    used 2438K, capacity 2635K, committed 2688K, reserved 1048576K
Event: 15.268 GC heap after
Heap after GC invocations=334 (full 167):
 PSYoungGen      total 76288K, used 0K [0x000000076ab00000, 0x0000000770000000, 0x00000007c0000000)
  eden space 65536K, 0% used [0x000000076ab00000,0x000000076ab00000,0x000000076eb00000)
  from space 10752K, 0% used [0x000000076eb00000,0x000000076eb00000,0x000000076f580000)
  to   space 10752K, 0% used [0x000000076f580000,0x000000076f580000,0x0000000770000000)
 ParOldGen       total 175104K, used 24657K [0x00000006c0000000, 0x00000006cab00000, 0x000000076ab00000)
  object space 175104K, 14% used [0x00000006c0000000,0x00000006c18145d8,0x00000006cab00000)
 Metaspace       used 17411K, capacity 18270K, committed 18560K, reserved 1064960K
  class space    used 2438K, capacity 2635K, committed 2688K, reserved 1048576K
}
Event: 15.346 GC heap before
{Heap before GC invocations=335 (full 167):
 PSYoungGen      total 76288K, used 17767K [0x000000076ab00000, 0x0000000770000000, 0x00000007c0000000)
  eden space 65536K, 27% used [0x000000076ab00000,0x000000076bc59e60,0x000000076eb00000)
  from space 10752K, 0% used [0x000000076eb00000,0x000000076eb00000,0x000000076f580000)
  to   space 10752K, 0% used [0x000000076f580000,0x000000076f580000,0x0000000770000000)
 ParOldGen       total 175104K, used 24657K [0x00000006c0000000, 0x00000006cab00000, 0x000000076ab00000)
  object space 175104K, 14% used [0x00000006c0000000,0x00000006c18145d8,0x00000006cab00000)
 Metaspace       used 17411K, capacity 18270K, committed 18560K, reserved 1064960K
  class space    used 2438K, capacity 2635K, committed 2688K, reserved 1048576K
Event: 15.348 GC heap after
Heap after GC invocations=335 (full 167):
 PSYoungGen      total 76288K, used 7392K [0x000000076ab00000, 0x0000000770000000, 0x00000007c0000000)
  eden space 65536K, 0% used [0x000000076ab00000,0x000000076ab00000,0x000000076eb00000)
  from space 10752K, 68% used [0x000000076f580000,0x000000076fcb8020,0x0000000770000000)
  to   space 10752K, 0% used [0x000000076eb00000,0x000000076eb00000,0x000000076f580000)
 ParOldGen       total 175104K, used 24657K [0x00000006c0000000, 0x00000006cab00000, 0x000000076ab00000)
  object space 175104K, 14% used [0x00000006c0000000,0x00000006c18145d8,0x00000006cab00000)
 Metaspace       used 17411K, capacity 18270K, committed 18560K, reserved 1064960K
  class space    used 2438K, capacity 2635K, committed 2688K, reserved 1048576K
}
Event: 15.348 GC heap before
{Heap before GC invocations=336 (full 168):
 PSYoungGen      total 76288K, used 7392K [0x000000076ab00000, 0x0000000770000000, 0x00000007c0000000)
  eden space 65536K, 0% used [0x000000076ab00000,0x000000076ab00000,0x000000076eb00000)
  from space 10752K, 68% used [0x000000076f580000,0x000000076fcb8020,0x0000000770000000)
  to   space 10752K, 0% used [0x000000076eb00000,0x000000076eb00000,0x000000076f580000)
 ParOldGen       total 175104K, used 24657K [0x00000006c0000000, 0x00000006cab00000, 0x000000076ab00000)
  object space 175104K, 14% used [0x00000006c0000000,0x00000006c18145d8,0x00000006cab00000)
 Metaspace       used 17411K, capacity 18270K, committed 18560K, reserved 1064960K
  class space    used 2438K, capacity 2635K, committed 2688K, reserved 1048576K
Event: 15.364 GC heap after
Heap after GC invocations=336 (full 168):
 PSYoungGen      total 76288K, used 0K [0x000000076ab00000, 0x0000000770000000, 0x00000007c0000000)
  eden space 65536K, 0% used [0x000000076ab00000,0x000000076ab00000,0x000000076eb00000)
  from space 10752K, 0% used [0x000000076f580000,0x000000076f580000,0x0000000770000000)
  to   space 10752K, 0% used [0x000000076eb00000,0x000000076eb00000,0x000000076f580000)
 ParOldGen       total 175104K, used 24657K [0x00000006c0000000, 0x00000006cab00000, 0x000000076ab00000)
  object space 175104K, 14% used [0x00000006c0000000,0x00000006c18146f8,0x00000006cab00000)
 Metaspace       used 17411K, capacity 18270K, committed 18560K, reserved 1064960K
  class space    used 2438K, capacity 2635K, committed 2688K, reserved 1048576K
}
Event: 15.368 GC heap before
{Heap before GC invocations=337 (full 168):
 PSYoungGen      total 76288K, used 923K [0x000000076ab00000, 0x0000000770000000, 0x00000007c0000000)
  eden space 65536K, 1% used [0x000000076ab00000,0x000000076abe6ed8,0x000000076eb00000)
  from space 10752K, 0% used [0x000000076f580000,0x000000076f580000,0x0000000770000000)
  to   space 10752K, 0% used [0x000000076eb00000,0x000000076eb00000,0x000000076f580000)
 ParOldGen       total 175104K, used 24657K [0x00000006c0000000, 0x00000006cab00000, 0x000000076ab00000)
  object space 175104K, 14% used [0x00000006c0000000,0x00000006c18146f8,0x00000006cab00000)
 Metaspace       used 17411K, capacity 18270K, committed 18560K, reserved 1064960K
  class space    used 2438K, capacity 2635K, committed 2688K, reserved 1048576K
Event: 15.369 GC heap after
Heap after GC invocations=337 (full 168):
 PSYoungGen      total 76288K, used 0K [0x000000076ab00000, 0x0000000770000000, 0x00000007c0000000)
  eden space 65536K, 0% used [0x000000076ab00000,0x000000076ab00000,0x000000076eb00000)
  from space 10752K, 0% used [0x000000076eb00000,0x000000076eb00000,0x000000076f580000)
  to   space 10752K, 0% used [0x000000076f580000,0x000000076f580000,0x0000000770000000)
 ParOldGen       total 175104K, used 24657K [0x00000006c0000000, 0x00000006cab00000, 0x000000076ab00000)
  object space 175104K, 14% used [0x00000006c0000000,0x00000006c18146f8,0x00000006cab00000)
 Metaspace       used 17411K, capacity 18270K, committed 18560K, reserved 1064960K
  class space    used 2438K, capacity 2635K, committed 2688K, reserved 1048576K
}
Event: 15.369 GC heap before
{Heap before GC invocations=338 (full 169):
 PSYoungGen      total 76288K, used 0K [0x000000076ab00000, 0x0000000770000000, 0x00000007c0000000)
  eden space 65536K, 0% used [0x000000076ab00000,0x000000076ab00000,0x000000076eb00000)
  from space 10752K, 0% used [0x000000076eb00000,0x000000076eb00000,0x000000076f580000)
  to   space 10752K, 0% used [0x000000076f580000,0x000000076f580000,0x0000000770000000)
 ParOldGen       total 175104K, used 24657K [0x00000006c0000000, 0x00000006cab00000, 0x000000076ab00000)
  object space 175104K, 14% used [0x00000006c0000000,0x00000006c18146f8,0x00000006cab00000)
 Metaspace       used 17411K, capacity 18270K, committed 18560K, reserved 1064960K
  class space    used 2438K, capacity 2635K, committed 2688K, reserved 1048576K
Event: 15.385 GC heap after
Heap after GC invocations=338 (full 169):
 PSYoungGen      total 76288K, used 0K [0x000000076ab00000, 0x0000000770000000, 0x00000007c0000000)
  eden space 65536K, 0% used [0x000000076ab00000,0x000000076ab00000,0x000000076eb00000)
  from space 10752K, 0% used [0x000000076eb00000,0x000000076eb00000,0x000000076f580000)
  to   space 10752K, 0% used [0x000000076f580000,0x000000076f580000,0x0000000770000000)
 ParOldGen       total 175104K, used 24657K [0x00000006c0000000, 0x00000006cab00000, 0x000000076ab00000)
  object space 175104K, 14% used [0x00000006c0000000,0x00000006c1814618,0x00000006cab00000)
 Metaspace       used 17411K, capacity 18270K, committed 18560K, reserved 1064960K
  class space    used 2438K, capacity 2635K, committed 2688K, reserved 1048576K
}

